2016/08/03 20:11:17 main.go:48: info [program start.PID[ 16058 ]]
2016/08/03 20:11:17 main.go:26: info [InitConfig]
2016/08/03 20:11:17 busi_db.go:22: info [InitDB]
2016/08/03 20:11:17 busi_db.go:34: info [GetEtrInfo]
2016/08/03 20:11:17 init_network.go:37: info [InitNetWork]
2016/08/03 20:11:17 net_server.go:27: info [listen address [ 172.18.18.98:9956 ]]
2016/08/03 20:11:21 main.go:55: info [catch sig: interrupt]
2016/08/03 20:11:22 main.go:70: info [program exit.]
2016/08/03 20:11:22 busi_db.go:30: info [CloseDB]
2016/08/03 20:13:47 main.go:48: info [program start.PID[ 16089 ]]
2016/08/03 20:13:47 main.go:26: info [InitConfig]
2016/08/03 20:13:47 busi_db.go:22: info [InitDB]
2016/08/03 20:13:47 busi_db.go:34: info [GetEtrInfo]
2016/08/03 20:13:47 init_network.go:37: info [InitNetWork]
2016/08/03 20:13:47 net_server.go:27: info [listen address [ 172.18.18.98:9956 ]]
2016/08/03 20:13:53 main.go:55: info [catch sig: interrupt]
2016/08/03 20:13:54 main.go:70: info [program exit.]
2016/08/03 20:13:54 busi_db.go:30: info [CloseDB]
2016/08/03 20:15:30 main.go:48: info [program start.PID[ 16135 ]]
2016/08/03 20:15:30 main.go:26: info [InitConfig]
2016/08/03 20:15:30 busi_db.go:22: info [InitDB]
2016/08/03 20:15:30 busi_db.go:34: info [GetEtrInfo]
2016/08/03 20:15:30 init_network.go:37: info [InitNetWork]
2016/08/03 20:15:30 net_server.go:27: info [listen address [ 172.18.18.98:9956 ]]
2016/08/03 20:15:36 main.go:55: info [catch sig: interrupt]
2016/08/03 20:15:37 main.go:70: info [program exit.]
2016/08/03 20:15:37 busi_db.go:30: info [CloseDB]
2016/08/03 20:16:46 main.go:48: info [program start.PID[ 16190 ]]
2016/08/03 20:16:46 main.go:26: info [InitConfig]
2016/08/03 20:16:46 busi_db.go:22: info [InitDB]
2016/08/03 20:16:46 init_network.go:37: info [InitNetWork]
2016/08/03 20:16:46 net_server.go:27: info [listen address [ 172.18.18.98:9956 ]]
2016/08/03 20:17:11 main.go:55: info [catch sig: interrupt]
2016/08/03 20:17:12 main.go:70: info [program exit.]
2016/08/03 20:17:12 busi_db.go:32: info [CloseDB]
2016/08/03 20:17:19 main.go:48: info [program start.PID[ 16238 ]]
2016/08/03 20:17:19 main.go:26: info [InitConfig]
2016/08/03 20:17:19 busi_db.go:22: info [InitDB]
2016/08/03 20:17:19 busi_db.go:34: info [GetEtrInfo]
2016/08/03 20:17:19 busi_db.go:42: info [&{Etrorderid:1228696 Clordid:1228739 Exchangeid:0 Exaccountid:1238826481 Commodityid:100001000 Userid:2001 Creatorloginid:2001 Ordertype:1 Timeinforce:3 Openclosetype:1 Buyselldirector:1 Orderprice:3420 Orderquantity:200 Orderdate:3677795261411656 Lastdealprice:105.673 Lastdealquantity:35 Lastdealtime:3677795263406000 Currentdealquantity:200 Cancelquantity:0 Leavesquantity:0 Avgprice:105.672 Holdpositionid:0 Limitorderid:0 Otcorderid: Otcstopprofitid: Otcstoplossid: Updatetime:3677795266626706 Status:2}
]
2016/08/03 20:17:19 init_network.go:37: info [InitNetWork]
2016/08/03 20:17:19 net_server.go:27: info [listen address [ 172.18.18.98:9956 ]]
2016/08/03 20:17:43 main.go:55: info [catch sig: interrupt]
2016/08/03 20:17:44 main.go:70: info [program exit.]
2016/08/03 20:17:44 busi_db.go:30: info [CloseDB]
2016/08/04 11:30:04 main.go:48: info [program start.PID[ 6708 ]]
2016/08/04 11:30:04 main.go:26: info [InitConfig]
2016/08/04 11:30:04 busi_db.go:22: info [InitDB]
2016/08/04 11:30:04 busi_db.go:34: info [GetEtrInfo]
2016/08/04 11:30:04 busi_db.go:42: info [&{Etrorderid:1228696 Clordid:1228739 Exchangeid:0 Exaccountid:1238826481 Commodityid:100001000 Userid:2001 Creatorloginid:2001 Ordertype:1 Timeinforce:3 Openclosetype:1 Buyselldirector:1 Orderprice:3420 Orderquantity:200 Orderdate:3677795261411656 Lastdealprice:105.673 Lastdealquantity:35 Lastdealtime:3677795263406000 Currentdealquantity:200 Cancelquantity:0 Leavesquantity:0 Avgprice:105.672 Holdpositionid:0 Limitorderid:0 Otcorderid: Otcstopprofitid: Otcstoplossid: Updatetime:3677795266626706 Status:2}
]
2016/08/04 11:30:04 init_network.go:37: info [InitNetWork]
2016/08/04 11:30:04 net_server.go:27: info [listen address [ 172.18.18.98:9956 ]]
2016/08/04 11:30:05 main.go:55: info [catch sig: interrupt]
2016/08/04 11:30:06 main.go:70: info [program exit.]
2016/08/04 11:30:06 busi_db.go:30: info [CloseDB]
2016/08/04 17:01:54 main.go:48: info [program start.PID[ 10867 ]]
2016/08/04 17:01:54 main.go:26: info [InitConfig]
2016/08/04 17:01:54 init_network.go:37: info [InitNetWork]
2016/08/04 17:01:54 net_server.go:24: error [listen address [ 172.18.18.98:9956 ] failed: listen tcp 172.18.18.98:9956: bind: cannot assign requested address]
2016/08/04 17:02:06 main.go:55: info [catch sig: interrupt]
2016/08/04 17:02:07 main.go:70: info [program exit.]
2016/08/04 17:04:34 main.go:48: info [program start.PID[ 10888 ]]
2016/08/04 17:04:34 main.go:26: info [InitConfig]
2016/08/04 17:04:34 init_network.go:37: info [InitNetWork]
2016/08/04 17:04:34 net_server.go:27: info [listen address [ 127.0.0.1:9956 ]]
2016/08/04 17:04:38 main.go:55: info [catch sig: interrupt]
2016/08/04 17:04:38 main.go:70: info [program exit.]
2016/08/04 17:05:34 main.go:48: info [program start.PID[ 10909 ]]
2016/08/04 17:05:34 main.go:26: info [InitConfig]
2016/08/04 17:05:34 busi_db.go:27: info [InitDB]
2016/08/04 17:05:34 init_network.go:37: info [InitNetWork]
2016/08/04 17:05:34 net_server.go:27: info [listen address [ 127.0.0.1:9956 ]]
2016/08/04 17:05:40 main.go:55: info [catch sig: interrupt]
2016/08/04 17:05:40 main.go:70: info [program exit.]
2016/08/04 17:05:40 busi_db.go:32: info [CloseDB]
